<?xml version="1.0" encoding="UTF-8" ?>
<testsuite tests="3" failures="0" name="sesi_08.DemoThread.src.test.java.com.learning.thread.TestThread" time="0.046" errors="0" skipped="0">
  <properties>
[...]
</properties>
  <testcase classname="sesi_08.DemoThread.src.test.java.com.learning.thread.TestThread" name="testThreadNumber" time="0.02"/>
  <testcase classname="sesi_08.DemoThread.src.test.java.com.learning.thread.TestThread" name="testThreadHello" time="0.012"/>
  <testcase classname="sesi_08.DemoThread.src.test.java.com.learning.thread.TestThread" name="testThreadWorld" time="0.014"/>
</testsuite>